# JRE version: Java(TM) SE Runtime Environment (8.0_171-b11) (build 1.8.0_171-b11)
# Java VM: Java HotSpot(TM) 64-Bit Server VM (25.171-b11 mixed mode windows-amd64 compressed oops)
Heap:
 PSYoungGen      total 253440K, used 54885K [0x00000000d5a00000, 0x00000000e7200000, 0x0000000100000000)
  eden space 243712K, 18% used [0x00000000d5a00000,0x00000000d862afe0,0x00000000e4800000)
  from space 9728K, 99% used [0x00000000e6880000,0x00000000e71ee4f0,0x00000000e7200000)
  to   space 19456K, 0% used [0x00000000e4c00000,0x00000000e4c00000,0x00000000e5f00000)
 ParOldGen       total 138752K, used 35569K [0x0000000080e00000, 0x0000000089580000, 0x00000000d5a00000)
  object space 138752K, 25% used [0x0000000080e00000,0x00000000830bc550,0x0000000089580000)
 Metaspace       used 71714K, capacity 74870K, committed 75008K, reserved 1114112K
  class space    used 9075K, capacity 9643K, committed 9728K, reserved 1048576K
GC Heap History (10 events):
Event: 40.928 GC heap before
{Heap before GC invocations=17 (full 3):
 PSYoungGen      total 250880K, used 232448K [0x00000000d5a00000, 0x00000000e9680000, 0x0000000100000000)
  eden space 232448K, 100% used [0x00000000d5a00000,0x00000000e3d00000,0x00000000e3d00000)
  from space 18432K, 0% used [0x00000000e3d00000,0x00000000e3d00000,0x00000000e4f00000)
  to   space 21504K, 0% used [0x00000000e8180000,0x00000000e8180000,0x00000000e9680000)
 ParOldGen       total 138752K, used 35510K [0x0000000080e00000, 0x0000000089580000, 0x00000000d5a00000)
  object space 138752K, 25% used [0x0000000080e00000,0x00000000830ad900,0x0000000089580000)
 Metaspace       used 61139K, capacity 63860K, committed 64000K, reserved 1105920K
  class space    used 7861K, capacity 8371K, committed 8448K, reserved 1048576K
Event: 40.941 GC heap after
Heap after GC invocations=17 (full 3):
 PSYoungGen      total 303104K, used 12103K [0x00000000d5a00000, 0x00000000e9a80000, 0x0000000100000000)
  eden space 281600K, 0% used [0x00000000d5a00000,0x00000000d5a00000,0x00000000e6d00000)
  from space 21504K, 56% used [0x00000000e8180000,0x00000000e8d51df0,0x00000000e9680000)
  to   space 20992K, 0% used [0x00000000e6d00000,0x00000000e6d00000,0x00000000e8180000)
 ParOldGen       total 138752K, used 35518K [0x0000000080e00000, 0x0000000089580000, 0x00000000d5a00000)
  object space 138752K, 25% used [0x0000000080e00000,0x00000000830af900,0x0000000089580000)
 Metaspace       used 61139K, capacity 63860K, committed 64000K, reserved 1105920K
  class space    used 7861K, capacity 8371K, committed 8448K, reserved 1048576K
}
Event: 612.680 GC heap before
{Heap before GC invocations=18 (full 3):
 PSYoungGen      total 303104K, used 293703K [0x00000000d5a00000, 0x00000000e9a80000, 0x0000000100000000)
  eden space 281600K, 100% used [0x00000000d5a00000,0x00000000e6d00000,0x00000000e6d00000)
  from space 21504K, 56% used [0x00000000e8180000,0x00000000e8d51df0,0x00000000e9680000)
  to   space 20992K, 0% used [0x00000000e6d00000,0x00000000e6d00000,0x00000000e8180000)
 ParOldGen       total 138752K, used 35518K [0x0000000080e00000, 0x0000000089580000, 0x00000000d5a00000)
  object space 138752K, 25% used [0x0000000080e00000,0x00000000830af900,0x0000000089580000)
 Metaspace       used 71030K, capacity 74094K, committed 74368K, reserved 1114112K
  class space    used 9035K, capacity 9573K, committed 9600K, reserved 1048576K
Event: 613.015 GC heap after
Heap after GC invocations=18 (full 3):
 PSYoungGen      total 286208K, used 14824K [0x00000000d5a00000, 0x00000000e8d00000, 0x0000000100000000)
  eden space 271360K, 0% used [0x00000000d5a00000,0x00000000d5a00000,0x00000000e6300000)
  from space 14848K, 99% used [0x00000000e6d00000,0x00000000e7b7a190,0x00000000e7b80000)
  to   space 17920K, 0% used [0x00000000e7b80000,0x00000000e7b80000,0x00000000e8d00000)
 ParOldGen       total 138752K, used 35545K [0x0000000080e00000, 0x0000000089580000, 0x00000000d5a00000)
  object space 138752K, 25% used [0x0000000080e00000,0x00000000830b6550,0x0000000089580000)
 Metaspace       used 71030K, capacity 74094K, committed 74368K, reserved 1114112K
  class space    used 9035K, capacity 9573K, committed 9600K, reserved 1048576K
}
Event: 2430.070 GC heap before
{Heap before GC invocations=19 (full 3):
 PSYoungGen      total 286208K, used 286184K [0x00000000d5a00000, 0x00000000e8d00000, 0x0000000100000000)
  eden space 271360K, 100% used [0x00000000d5a00000,0x00000000e6300000,0x00000000e6300000)
  from space 14848K, 99% used [0x00000000e6d00000,0x00000000e7b7a190,0x00000000e7b80000)
  to   space 17920K, 0% used [0x00000000e7b80000,0x00000000e7b80000,0x00000000e8d00000)
 ParOldGen       total 138752K, used 35545K [0x0000000080e00000, 0x0000000089580000, 0x00000000d5a00000)
  object space 138752K, 25% used [0x0000000080e00000,0x00000000830b6550,0x0000000089580000)
 Metaspace       used 71499K, capacity 74590K, committed 74752K, reserved 1114112K
  class space    used 9067K, capacity 9629K, committed 9728K, reserved 1048576K
Event: 2430.100 GC heap after
Heap after GC invocations=19 (full 3):
 PSYoungGen      total 271872K, used 10153K [0x00000000d5a00000, 0x00000000e8580000, 0x0000000100000000)
  eden space 261632K, 0% used [0x00000000d5a00000,0x00000000d5a00000,0x00000000e5980000)
  from space 10240K, 99% used [0x00000000e7b80000,0x00000000e856a500,0x00000000e8580000)
  to   space 20480K, 0% used [0x00000000e5d80000,0x00000000e5d80000,0x00000000e7180000)
 ParOldGen       total 138752K, used 35553K [0x0000000080e00000, 0x0000000089580000, 0x00000000d5a00000)
  object space 138752K, 25% used [0x0000000080e00000,0x00000000830b8550,0x0000000089580000)
 Metaspace       used 71499K, capacity 74590K, committed 74752K, reserved 1114112K
  class space    used 9067K, capacity 9629K, committed 9728K, reserved 1048576K
}
Event: 5872.038 GC heap before
{Heap before GC invocations=20 (full 3):
 PSYoungGen      total 271872K, used 271785K [0x00000000d5a00000, 0x00000000e8580000, 0x0000000100000000)
  eden space 261632K, 100% used [0x00000000d5a00000,0x00000000e5980000,0x00000000e5980000)
  from space 10240K, 99% used [0x00000000e7b80000,0x00000000e856a500,0x00000000e8580000)
  to   space 20480K, 0% used [0x00000000e5d80000,0x00000000e5d80000,0x00000000e7180000)
 ParOldGen       total 138752K, used 35553K [0x0000000080e00000, 0x0000000089580000, 0x00000000d5a00000)
  object space 138752K, 25% used [0x0000000080e00000,0x00000000830b8550,0x0000000089580000)
 Metaspace       used 71645K, capacity 74790K, committed 75008K, reserved 1114112K
  class space    used 9074K, capacity 9641K, committed 9728K, reserved 1048576K
Event: 5872.150 GC heap after
Heap after GC invocations=20 (full 3):
 PSYoungGen      total 262144K, used 9721K [0x00000000d5a00000, 0x00000000e7c00000, 0x0000000100000000)
  eden space 252416K, 0% used [0x00000000d5a00000,0x00000000d5a00000,0x00000000e5080000)
  from space 9728K, 99% used [0x00000000e5d80000,0x00000000e66fe4f0,0x00000000e6700000)
  to   space 19968K, 0% used [0x00000000e6880000,0x00000000e6880000,0x00000000e7c00000)
 ParOldGen       total 138752K, used 35561K [0x0000000080e00000, 0x0000000089580000, 0x00000000d5a00000)
  object space 138752K, 25% used [0x0000000080e00000,0x00000000830ba550,0x0000000089580000)
 Metaspace       used 71645K, capacity 74790K, committed 75008K, reserved 1114112K
  class space    used 9074K, capacity 9641K, committed 9728K, reserved 1048576K
}
Event: 8800.269 GC heap before
{Heap before GC invocations=21 (full 3):
 PSYoungGen      total 262144K, used 262137K [0x00000000d5a00000, 0x00000000e7c00000, 0x0000000100000000)
  eden space 252416K, 100% used [0x00000000d5a00000,0x00000000e5080000,0x00000000e5080000)
  from space 9728K, 99% used [0x00000000e5d80000,0x00000000e66fe4f0,0x00000000e6700000)
  to   space 19968K, 0% used [0x00000000e6880000,0x00000000e6880000,0x00000000e7c00000)
 ParOldGen       total 138752K, used 35561K [0x0000000080e00000, 0x0000000089580000, 0x00000000d5a00000)
  object space 138752K, 25% used [0x0000000080e00000,0x00000000830ba550,0x0000000089580000)
 Metaspace       used 71658K, capacity 74802K, committed 75008K, reserved 1114112K
  class space    used 9075K, capacity 9643K, committed 9728K, reserved 1048576K
Event: 8800.345 GC heap after
Heap after GC invocations=21 (full 3):
 PSYoungGen      total 253440K, used 9657K [0x00000000d5a00000, 0x00000000e7200000, 0x0000000100000000)
  eden space 243712K, 0% used [0x00000000d5a00000,0x00000000d5a00000,0x00000000e4800000)
  from space 9728K, 99% used [0x00000000e6880000,0x00000000e71ee4f0,0x00000000e7200000)
  to   space 19456K, 0% used [0x00000000e4c00000,0x00000000e4c00000,0x00000000e5f00000)
 ParOldGen       total 138752K, used 35569K [0x0000000080e00000, 0x0000000089580000, 0x00000000d5a00000)
  object space 138752K, 25% used [0x0000000080e00000,0x00000000830bc550,0x0000000089580000)
 Metaspace       used 71658K, capacity 74802K, committed 75008K, reserved 1114112K
  class space    used 9075K, capacity 9643K, committed 9728K, reserved 1048576K
}

